<?xml version="1.0" encoding="utf-8"?><testsuites name="pytest tests"><testsuite name="pytest" errors="0" failures="0" skipped="3" tests="15" time="9.427" timestamp="2026-08-08T12:41:55.890373+00:00" hostname="agent-env-7f2c8fbb-f4b9-4cb6-b8fa-7b95acc3e60f"><testcase classname="backend.tests.test_auth_routing.TestAuth" name="test_me_no_token_401" time="0.205" /><testcase classname="backend.tests.test_auth_routing.TestAuth" name="test_me_bearer_token" time="0.108" /><testcase classname="backend.tests.test_auth_routing.TestAuth" name="test_me_cookie" time="0.132" /><testcase classname="backend.tests.test_auth_routing.TestAuth" name="test_session_exchange_bogus_id" time="0.177" /><testcase classname="backend.tests.test_auth_routing.TestAuth" name="test_logout_kills_session" time="0.283" /><testcase classname="backend.tests.test_auth_routing.TestRoutingProviders" name="test_providers_shape" time="0.094" /><testcase classname="backend.tests.test_auth_routing.TestRoutingProviders" name="test_settings_persist_route_order" time="0.184" /><testcase classname="backend.tests.test_auth_routing.TestRoutingProviders" name="test_nvidia_models_no_key" time="0.098"><skipped type="pytest.skip" message="nvidia key is configured; graceful-no-key path not applicable">/app/backend/tests/test_auth_routing.py:165: nvidia key is configured; graceful-no-key path not applicable</skipped></testcase><testcase classname="backend.tests.test_auth_routing.TestRoutingProviders" name="test_test_nvidia_no_key" time="0.097"><skipped type="pytest.skip" message="nvidia key configured">/app/backend/tests/test_auth_routing.py:175: nvidia key configured</skipped></testcase><testcase classname="backend.tests.test_auth_routing.TestRoutingProviders" name="test_test_emergent_ok" time="1.229" /><testcase classname="backend.tests.test_auth_routing.TestRoutingProviders" name="test_test_yabbai_no_url" time="0.093"><skipped type="pytest.skip" message="yabbai URL configured">/app/backend/tests/test_auth_routing.py:192: yabbai URL configured</skipped></testcase><testcase classname="backend.tests.test_auth_routing.TestRoutingProviders" name="test_graceful_degradation_no_secrets" time="2.329" /><testcase classname="backend.tests.test_auth_routing.TestRoutingProviders" name="test_chat_falls_through_when_nvidia_missing" time="4.055" /><testcase classname="backend.tests.test_auth_routing.TestRegression" name="test_network_status_all_live" time="0.092" /><testcase classname="backend.tests.test_auth_routing.TestRegression" name="test_revenue_status_admin_key" time="0.090" /></testsuite></testsuites>