<?xml version="1.0" encoding="utf-8"?><testsuites name="pytest tests"><testsuite name="pytest" errors="0" failures="0" skipped="0" tests="17" time="4.419" timestamp="2026-08-08T13:05:51.982677+00:00" hostname="agent-env-7f2c8fbb-f4b9-4cb6-b8fa-7b95acc3e60f"><testcase classname="backend.tests.test_auth_2fa_wallet.TestAuth2FA" name="test_me_pre_2fa" time="0.253" /><testcase classname="backend.tests.test_auth_2fa_wallet.TestAuth2FA" name="test_setup_and_verify_flow" time="0.395" /><testcase classname="backend.tests.test_auth_2fa_wallet.TestAuth2FA" name="test_verify_bad_code" time="0.201" /><testcase classname="backend.tests.test_auth_2fa_wallet.TestAuth2FA" name="test_setup_verify_no_session" time="0.239" /><testcase classname="backend.tests.test_auth_2fa_wallet.TestAllowlist" name="test_env_has_allowlist" time="0.000" /><testcase classname="backend.tests.test_auth_2fa_wallet.TestAllowlist" name="test_auth_router_enforces_allowlist" time="0.000" /><testcase classname="backend.tests.test_auth_2fa_wallet.TestWalletPublic" name="test_chains_no_rpc_leak" time="0.090" /><testcase classname="backend.tests.test_auth_2fa_wallet.TestWalletPublic" name="test_balance_ethereum" time="0.259" /><testcase classname="backend.tests.test_auth_2fa_wallet.TestWalletPublic" name="test_balance_solana" time="0.538" /><testcase classname="backend.tests.test_auth_2fa_wallet.TestWalletGating" name="test_list_no_session_401" time="0.092" /><testcase classname="backend.tests.test_auth_2fa_wallet.TestWalletGating" name="test_connect_no_session_401" time="0.090" /><testcase classname="backend.tests.test_auth_2fa_wallet.TestWalletGating" name="test_list_unverified_403" time="0.127" /><testcase classname="backend.tests.test_auth_2fa_wallet.TestWalletGating" name="test_connect_unverified_403" time="0.094" /><testcase classname="backend.tests.test_auth_2fa_wallet.TestWalletGating" name="test_connect_and_list_verified" time="0.295" /><testcase classname="backend.tests.test_auth_2fa_wallet.TestRegression" name="test_network_all_live" time="0.095" /><testcase classname="backend.tests.test_auth_2fa_wallet.TestRegression" name="test_ai_providers_tiers" time="0.091" /><testcase classname="backend.tests.test_auth_2fa_wallet.TestRegression" name="test_ai_chat_ok" time="1.413" /></testsuite></testsuites>