<?xml version="1.0" encoding="utf-8"?><testsuites name="pytest tests"><testsuite name="pytest" errors="0" failures="0" skipped="0" tests="13" time="3.518" timestamp="2026-08-08T13:29:33.295225+00:00" hostname="agent-env-7f2c8fbb-f4b9-4cb6-b8fa-7b95acc3e60f"><testcase classname="backend.tests.test_tokens_goldscout.TestWalletTokens" name="test_tokens_ethereum_live" time="0.779" /><testcase classname="backend.tests.test_tokens_goldscout.TestWalletTokens" name="test_tokens_base_ok" time="0.388" /><testcase classname="backend.tests.test_tokens_goldscout.TestWalletTokens" name="test_tokens_solana_ok" time="0.544" /><testcase classname="backend.tests.test_tokens_goldscout.TestWalletTokens" name="test_tokens_invalid_chain_400" time="0.132" /><testcase classname="backend.tests.test_tokens_goldscout.TestWalletTokens" name="test_tokens_empty_address_no_crash" time="0.511" /><testcase classname="backend.tests.test_tokens_goldscout.TestGoldScoutAnalyze" name="test_analyze_high_risk" time="0.102" /><testcase classname="backend.tests.test_tokens_goldscout.TestGoldScoutAnalyze" name="test_analyze_clean" time="0.120" /><testcase classname="backend.tests.test_tokens_goldscout.TestGoldScoutApprove" name="test_approve_no_session_401" time="0.129" /><testcase classname="backend.tests.test_tokens_goldscout.TestGoldScoutApprove" name="test_approvals_no_session_401" time="0.093" /><testcase classname="backend.tests.test_tokens_goldscout.TestGoldScoutApprove" name="test_approve_high_risk_blocked" time="0.146" /><testcase classname="backend.tests.test_tokens_goldscout.TestGoldScoutApprove" name="test_approve_clean_and_list" time="0.230" /><testcase classname="backend.tests.test_tokens_goldscout.TestRegression" name="test_chains_still_six" time="0.115" /><testcase classname="backend.tests.test_tokens_goldscout.TestRegression" name="test_network_all_live" time="0.093" /></testsuite></testsuites>