<?xml version="1.0" encoding="utf-8"?><testsuites name="pytest tests"><testsuite name="pytest" errors="0" failures="0" skipped="0" tests="9" time="4.754" timestamp="2026-08-08T13:59:47.961452+00:00" hostname="agent-env-7f2c8fbb-f4b9-4cb6-b8fa-7b95acc3e60f"><testcase classname="backend.tests.test_supabase_env_connector.TestEnvWiring" name="test_env_has_supabase_keys" time="0.000" /><testcase classname="backend.tests.test_supabase_env_connector.TestSupabaseAuthGating" name="test_status_no_session_401" time="0.218" /><testcase classname="backend.tests.test_supabase_env_connector.TestSupabaseAuthGating" name="test_status_no_2fa_403" time="0.105" /><testcase classname="backend.tests.test_supabase_env_connector.TestSupabaseStatus" name="test_status_uses_env" time="2.626" /><testcase classname="backend.tests.test_supabase_env_connector.TestSupabaseKeyValidity" name="test_direct_key_auth_returns_pgrst" time="0.619" /><testcase classname="backend.tests.test_supabase_env_connector.TestSupabaseReadProxy" name="test_read_missing_table_graceful" time="0.679" /><testcase classname="backend.tests.test_supabase_env_connector.TestSupabaseReadProxy" name="test_read_not_whitelisted_400" time="0.118" /><testcase classname="backend.tests.test_supabase_env_connector.TestRegression" name="test_network_status_all_live" time="0.097" /><testcase classname="backend.tests.test_supabase_env_connector.TestRegression" name="test_settings_sanitized" time="0.106" /></testsuite></testsuites>