<?xml version="1.0" encoding="utf-8"?><testsuites name="pytest tests"><testsuite name="pytest" errors="0" failures="1" skipped="0" tests="34" time="17.872" timestamp="2026-08-08T14:24:39.145536+00:00" hostname="agent-env-7f2c8fbb-f4b9-4cb6-b8fa-7b95acc3e60f"><testcase classname="backend.tests.test_security_sweep" name="test_unauth_get_returns_401[/api/settings]" time="0.162" /><testcase classname="backend.tests.test_security_sweep" name="test_unauth_get_returns_401[/api/ai/providers]" time="0.134" /><testcase classname="backend.tests.test_security_sweep" name="test_unauth_get_returns_401[/api/ai/nvidia/models]" time="0.103" /><testcase classname="backend.tests.test_security_sweep" name="test_unauth_post_returns_401[/api/ai/chat-body0]" time="0.135" /><testcase classname="backend.tests.test_security_sweep" name="test_unauth_post_returns_401[/api/ai/chat/stream-body1]" time="0.128" /><testcase classname="backend.tests.test_security_sweep" name="test_unauth_post_returns_401[/api/ai/test-body2]" time="0.130" /><testcase classname="backend.tests.test_security_sweep" name="test_unauth_post_returns_401[/api/ai/scope-brief-body3]" time="0.095" /><testcase classname="backend.tests.test_security_sweep" name="test_unauth_post_returns_401[/api/ai/call-guide-body4]" time="0.135" /><testcase classname="backend.tests.test_security_sweep" name="test_unauth_post_returns_401[/api/ai/catalog-agent-body5]" time="0.096" /><testcase classname="backend.tests.test_security_sweep" name="test_unauth_put_settings_returns_401" time="0.129" /><testcase classname="backend.tests.test_security_sweep" name="test_mfa_unverified_get_returns_403[/api/settings]" time="0.117" /><testcase classname="backend.tests.test_security_sweep" name="test_mfa_unverified_get_returns_403[/api/ai/providers]" time="0.136" /><testcase classname="backend.tests.test_security_sweep" name="test_mfa_unverified_get_returns_403[/api/ai/nvidia/models]" time="0.154" /><testcase classname="backend.tests.test_security_sweep" name="test_mfa_unverified_post_returns_403[/api/ai/chat-body0]" time="0.142" /><testcase classname="backend.tests.test_security_sweep" name="test_mfa_unverified_post_returns_403[/api/ai/chat/stream-body1]" time="0.098" /><testcase classname="backend.tests.test_security_sweep" name="test_mfa_unverified_post_returns_403[/api/ai/test-body2]" time="0.098" /><testcase classname="backend.tests.test_security_sweep" name="test_mfa_unverified_post_returns_403[/api/ai/scope-brief-body3]" time="0.098" /><testcase classname="backend.tests.test_security_sweep" name="test_mfa_unverified_post_returns_403[/api/ai/call-guide-body4]" time="0.118" /><testcase classname="backend.tests.test_security_sweep" name="test_mfa_unverified_post_returns_403[/api/ai/catalog-agent-body5]" time="0.098" /><testcase classname="backend.tests.test_security_sweep" name="test_mfa_unverified_put_settings_returns_403" time="0.109" /><testcase classname="backend.tests.test_security_sweep" name="test_public_ai_health" time="0.104" /><testcase classname="backend.tests.test_security_sweep" name="test_public_ai_diagnose" time="9.069" /><testcase classname="backend.tests.test_security_sweep" name="test_public_wallet_chains" time="0.123" /><testcase classname="backend.tests.test_security_sweep" name="test_public_wallet_balance" time="0.100" /><testcase classname="backend.tests.test_security_sweep" name="test_authorized_get_settings" time="0.102" /><testcase classname="backend.tests.test_security_sweep" name="test_authorized_put_settings" time="0.237" /><testcase classname="backend.tests.test_security_sweep" name="test_authorized_ai_providers" time="0.094" /><testcase classname="backend.tests.test_security_sweep" name="test_authorized_ai_chat" time="1.548" /><testcase classname="backend.tests.test_security_sweep" name="test_security_headers_present" time="0.105" /><testcase classname="backend.tests.test_security_sweep" name="test_auth_me_verified" time="0.091" /><testcase classname="backend.tests.test_security_sweep" name="test_wallet_tokens" time="0.097"><failure message="AssertionError: {&quot;detail&quot;:[{&quot;type&quot;:&quot;missing&quot;,&quot;loc&quot;:[&quot;query&quot;,&quot;chain&quot;],&quot;msg&quot;:&quot;Field required&quot;,&quot;input&quot;:null,&quot;url&quot;:&quot;https://errors.pydantic.dev/2.13/v/missing&quot;},{&quot;type&quot;:&quot;missing&quot;,&quot;loc&quot;:[&quot;query&quot;,&quot;address&quot;],&quot;msg&quot;:&quot;Field required&quot;,&quot;input&quot;:null,&quot;url&quot;:&quot;https://errors.pydantic.dev/2.13/v/missing&quot;}]}&#10;assert 422 == 200&#10; +  where 422 = &lt;Response [422]&gt;.status_code">backend/tests/test_security_sweep.py:229: in test_wallet_tokens
    assert r.status_code == 200, r.text[:300]
E   AssertionError: {"detail":[{"type":"missing","loc":["query","chain"],"msg":"Field required","input":null,"url":"https://errors.pydantic.dev/2.13/v/missing"},{"type":"missing","loc":["query","address"],"msg":"Field required","input":null,"url":"https://errors.pydantic.dev/2.13/v/missing"}]}
E   assert 422 == 200
E    +  where 422 = &lt;Response [422]&gt;.status_code</failure></testcase><testcase classname="backend.tests.test_security_sweep" name="test_goldscout_analyze" time="0.100" /><testcase classname="backend.tests.test_security_sweep" name="test_network_status_all_live" time="0.093" /><testcase classname="backend.tests.test_security_sweep" name="test_supabase_status_verified" time="3.399" /></testsuite></testsuites>