<?xml version="1.0" encoding="utf-8"?><testsuites name="pytest tests"><testsuite name="pytest" errors="0" failures="0" skipped="0" tests="6" time="2.771" timestamp="2026-08-08T13:54:25.843690+00:00" hostname="agent-env-7f2c8fbb-f4b9-4cb6-b8fa-7b95acc3e60f"><testcase classname="backend.tests.test_2fa_qr_bugfix.TestBugFix2FAQR" name="test_setup_returns_qr_data_url_and_secret" time="1.304" /><testcase classname="backend.tests.test_2fa_qr_bugfix.TestBugFix2FAQR" name="test_secret_stable_across_repeat_setup" time="0.261" /><testcase classname="backend.tests.test_2fa_qr_bugfix.TestBugFix2FAQR" name="test_correct_totp_verifies" time="0.346" /><testcase classname="backend.tests.test_2fa_qr_bugfix.TestBugFix2FAQR" name="test_wrong_totp_rejected_401" time="0.263" /><testcase classname="backend.tests.test_2fa_qr_bugfix.TestBugFix2FAQR" name="test_already_enrolled_returns_no_qr" time="0.464" /><testcase classname="backend.tests.test_2fa_qr_bugfix.TestFrontend2FAPage" name="test_page_has_no_cdn_qr_dependency" time="0.001" /></testsuite></testsuites>