<?xml version="1.0" encoding="utf-8"?><testsuites name="pytest tests"><testsuite name="pytest" errors="0" failures="0" skipped="0" tests="17" time="28.895" timestamp="2026-06-20T12:48:38.239195+00:00" hostname="agent-env-7f2c8fbb-f4b9-4cb6-b8fa-7b95acc3e60f"><testcase classname="backend.tests.test_unified_backend.TestGateway" name="test_health" time="0.186" /><testcase classname="backend.tests.test_unified_backend.TestGateway" name="test_network_status_all_live" time="0.054" /><testcase classname="backend.tests.test_unified_backend.TestServiceHealthAliases" name="test_service_health[/api/revenue/health]" time="0.049" /><testcase classname="backend.tests.test_unified_backend.TestServiceHealthAliases" name="test_service_health[/api/ai/health]" time="0.050" /><testcase classname="backend.tests.test_unified_backend.TestServiceHealthAliases" name="test_service_health[/api/goldscout/health]" time="0.051" /><testcase classname="backend.tests.test_unified_backend.TestServiceHealthAliases" name="test_service_health[/api/defi/health]" time="0.051" /><testcase classname="backend.tests.test_unified_backend.TestServiceHealthAliases" name="test_service_health[/api/ops/health]" time="0.048" /><testcase classname="backend.tests.test_unified_backend.TestRevenueAuth" name="test_status_requires_admin_key" time="0.054" /><testcase classname="backend.tests.test_unified_backend.TestRevenueAuth" name="test_status_with_admin_key" time="0.057" /><testcase classname="backend.tests.test_unified_backend.TestKillSwitch" name="test_engage_then_disengage" time="0.423" /><testcase classname="backend.tests.test_unified_backend.TestReconciledIncome" name="test_manual_sale_increases_real_income" time="0.148" /><testcase classname="backend.tests.test_unified_backend.TestComplianceGate" name="test_block_risky_copy" time="0.051" /><testcase classname="backend.tests.test_unified_backend.TestAIBrain" name="test_chat_hello" time="1.598" /><testcase classname="backend.tests.test_unified_backend.TestAIBrain" name="test_diagnose" time="25.697" /><testcase classname="backend.tests.test_unified_backend.TestDeFi" name="test_session_create" time="0.143" /><testcase classname="backend.tests.test_unified_backend.TestDeFi" name="test_health_flags" time="0.053" /><testcase classname="backend.tests.test_unified_backend.TestOps" name="test_dashboard" time="0.056" /></testsuite></testsuites>